#
# A fatal error has been detected by the Java Runtime Environment:
#
#  EXCEPTION_ACCESS_VIOLATION (0xc0000005) at pc=0x00000000042efd4c, pid=4912, tid=0x0000000000000fe4
#
# JRE version: OpenJDK Runtime Environment (8.0_112-b06) (build 1.8.0_112-release-b06)
# Java VM: OpenJDK 64-Bit Server VM (25.112-b06 mixed mode windows-amd64 compressed oops)
# Problematic frame:
# J 8778 C1 org.gradle.internal.serialize.kryo.KryoBackedDecoder.readBoolean()Z (15 bytes) @ 0x00000000042efd4c [0x00000000042efd20+0x2c]
#
# Failed to write core dump. Minidumps are not enabled by default on client versions of Windows
#
# If you would like to submit a bug report, please visit:
#   http://bugreport.java.com/bugreport/crash.jsp
#

---------------  T H R E A D  ---------------

Current thread (0x000000005a05c000):  JavaThread "Cache update executor" [_thread_in_Java, id=4068, stack(0x000000005bd30000,0x000000005be30000)]

siginfo: ExceptionCode=0xc0000005, writing address 0x00000000ffffffff

Registers:
RAX=0x0000000055e9b978, RBX=0x0000000055e9b978, RCX=0x00000000e1a690c0, RDX=0x00000000e1a690c0
RSP=0x000000005be2ebd0, RBP=0x000000005be2eca8, RSI=0x00000000e1a6a188, RDI=0x0000000055e076d8
R8 =0x00000000ffffffff, R9 =0x0000000000000002, R10=0x000000006a0585e0, R11=0x00000000042efd40
R12=0x0000000000000000, R13=0x000000005be2ec60, R14=0x000000005be2ecd8, R15=0x000000005a05c000
RIP=0x00000000042efd4c, EFLAGS=0x0000000000010202

Top of Stack: (sp=0x000000005be2ebd0)
0x000000005be2ebd0:   00000000e1a6a188 0000000000000000
0x000000005be2ebe0:   000000005be2ebe0 0000000062849aec
0x000000005be2ebf0:   000000005be2ec60 000000006284a208
0x000000005be2ec00:   0000000000000000 0000000062849b98
0x000000005be2ec10:   0000000000000000 000000005be2ec58
0x000000005be2ec20:   000000005be2eca8 0000000002787e00
0x000000005be2ec30:   0000000000000000 0000000000000000
0x000000005be2ec40:   000000005be2eca8 0000000002787895
0x000000005be2ec50:   0000000000000000 0000000002787895
0x000000005be2ec60:   00000000e1a690c0 000000005be2ec68
0x000000005be2ec70:   0000000062848ad5 000000005be2ecd8
0x000000005be2ec80:   0000000062848e08 0000000000000000
0x000000005be2ec90:   0000000062848b38 000000005be2ec60
0x000000005be2eca0:   000000005be2ecd0 000000005be2ed20
0x000000005be2ecb0:   0000000002787e00 0000000000000000
0x000000005be2ecc0:   00000000e1a6a188 00000000a2582090 

Instructions: (pc=0x00000000042efd4c)
0x00000000042efd2c:   fe 66 66 66 0f 1f 84 00 00 00 00 00 66 66 66 90
0x00000000042efd3c:   0f 1f 40 00 89 84 24 00 a0 00 ff 55 48 83 ec 70
0x00000000042efd4c:   49 00 20 ee 7d 62 00 00 00 00 41 8b b0 dc 00 00
0x00000000042efd5c:   00 00 c6 08 41 89 b0 dc 00 00 00 49 b8 78 b9 e9 


Register to memory mapping:

RAX={method} {0x0000000055e9b980} 'readBoolean' '()Z' in 'org/gradle/internal/serialize/kryo/KryoBackedDecoder'
RBX={method} {0x0000000055e9b980} 'readBoolean' '()Z' in 'org/gradle/internal/serialize/kryo/KryoBackedDecoder'
RCX=0x00000000e1a690c0 is an oop
org.gradle.internal.serialize.kryo.KryoBackedDecoder 
 - klass: 'org/gradle/internal/serialize/kryo/KryoBackedDecoder'
RDX=0x00000000e1a690c0 is an oop
org.gradle.internal.serialize.kryo.KryoBackedDecoder 
 - klass: 'org/gradle/internal/serialize/kryo/KryoBackedDecoder'
RSP=0x000000005be2ebd0 is pointing into the stack for thread: 0x000000005a05c000
RBP=0x000000005be2eca8 is pointing into the stack for thread: 0x000000005a05c000
RSI=0x00000000e1a6a188 is an oop
java.util.LinkedHashMap 
 - klass: 'java/util/LinkedHashMap'
RDI=0x0000000055e076d8 is pointing into metadata
R8 =0x00000000ffffffff is an unallocated location in the heap
R9 =0x0000000000000002 is an unknown value
R10=0x000000006a0585e0 is an unknown value
R11=0x00000000042efd40 is at entry_point+32 in (nmethod*)0x00000000042efb50
R12=0x0000000000000000 is an unknown value
R13=0x000000005be2ec60 is pointing into the stack for thread: 0x000000005a05c000
R14=0x000000005be2ecd8 is pointing into the stack for thread: 0x000000005a05c000
R15=0x000000005a05c000 is a thread


Stack: [0x000000005bd30000,0x000000005be30000],  sp=0x000000005be2ebd0,  free space=1018k
Native frames: (J=compiled Java code, j=interpreted, Vv=VM code, C=native code)
C  0x00000000042efd4c


---------------  P R O C E S S  ---------------

Java Threads: ( => current thread )
=>0x000000005a05c000 JavaThread "Cache update executor" [_thread_in_Java, id=4068, stack(0x000000005bd30000,0x000000005be30000)]
  0x000000005a05a800 JavaThread "Stdin handler" [_thread_blocked, id=4740, stack(0x0000000062890000,0x0000000062990000)]
  0x000000005a059800 JavaThread "Asynchronous log dispatcher for DefaultDaemonConnection: socket connection from /127.0.0.1:49462 to /127.0.0.1:49471" [_thread_blocked, id=3580, stack(0x000000005bc20000,0x000000005bd20000)]
  0x000000005a059000 JavaThread "Cancel handler" [_thread_blocked, id=4112, stack(0x000000005bab0000,0x000000005bbb0000)]
  0x000000005a056800 JavaThread "Handler for socket connection from /127.0.0.1:49462 to /127.0.0.1:49471" [_thread_in_native, id=4100, stack(0x000000005b740000,0x000000005b840000)]
  0x000000005a19c800 JavaThread "File lock request listener" [_thread_in_native, id=4416, stack(0x000000005c1a0000,0x000000005c2a0000)]
  0x00000000598a5000 JavaThread "Daemon worker" [_thread_blocked, id=372, stack(0x000000005b900000,0x000000005ba00000)]
  0x00000000599e5800 JavaThread "pool-1-thread-1" [_thread_blocked, id=4680, stack(0x000000005b510000,0x000000005b610000)]
  0x000000005982a000 JavaThread "Daemon" [_thread_blocked, id=4708, stack(0x000000005b620000,0x000000005b720000)]
  0x0000000058d41800 JavaThread "Incoming local TCP Connector on port 49462" [_thread_in_native, id=4636, stack(0x0000000058330000,0x0000000058430000)]
  0x00000000577cb800 JavaThread "Service Thread" daemon [_thread_blocked, id=4608, stack(0x0000000057350000,0x0000000057450000)]
  0x0000000057763800 JavaThread "C1 CompilerThread2" daemon [_thread_blocked, id=712, stack(0x00000000581a0000,0x00000000582a0000)]
  0x0000000057760800 JavaThread "C2 CompilerThread1" daemon [_thread_blocked, id=4148, stack(0x0000000058080000,0x0000000058180000)]
  0x000000005641f000 JavaThread "C2 CompilerThread0" daemon [_thread_blocked, id=4120, stack(0x0000000057e80000,0x0000000057f80000)]
  0x000000005641e000 JavaThread "Attach Listener" daemon [_thread_blocked, id=4116, stack(0x0000000057d40000,0x0000000057e40000)]
  0x0000000056410800 JavaThread "Signal Dispatcher" daemon [_thread_blocked, id=4128, stack(0x0000000057b80000,0x0000000057c80000)]
  0x00000000563fc800 JavaThread "Finalizer" daemon [_thread_blocked, id=4580, stack(0x0000000057640000,0x0000000057740000)]
  0x00000000563b5800 JavaThread "Reference Handler" daemon [_thread_blocked, id=4476, stack(0x0000000057450000,0x0000000057550000)]
  0x00000000025bd800 JavaThread "main" [_thread_blocked, id=4064, stack(0x0000000002680000,0x0000000002780000)]

Other Threads:
  0x00000000563a8000 VMThread [stack: 0x0000000057240000,0x0000000057340000] [id=668]
  0x00000000577fd800 WatcherThread [stack: 0x0000000058470000,0x0000000058570000] [id=4144]

VM state:not at safepoint (normal execution)

VM Mutex/Monitor currently owned by a thread: None

Heap:
 PSYoungGen      total 243200K, used 27132K [0x00000000e0000000, 0x00000000f6000000, 0x0000000100000000)
  eden space 216064K, 12% used [0x00000000e0000000,0x00000000e1a7f220,0x00000000ed300000)
  from space 27136K, 0% used [0x00000000ed300000,0x00000000ed300000,0x00000000eed80000)
  to   space 26112K, 0% used [0x00000000f4680000,0x00000000f4680000,0x00000000f6000000)
 ParOldGen       total 158720K, used 57772K [0x00000000a0000000, 0x00000000a9b00000, 0x00000000e0000000)
  object space 158720K, 36% used [0x00000000a0000000,0x00000000a386b358,0x00000000a9b00000)
 Metaspace       used 57375K, capacity 60202K, committed 60288K, reserved 1101824K
  class space    used 7729K, capacity 8268K, committed 8320K, reserved 1048576K

Card table byte_map: [0x0000000011b40000,0x0000000011e50000] byte_map_base: 0x0000000011640000

Marking Bits: (ParMarkBitMap*) 0x000000006a0718f0
 Begin Bits: [0x0000000012720000, 0x0000000013f20000)
 End Bits:   [0x0000000013f20000, 0x0000000015720000)

Polling page: 0x0000000000130000

CodeCache: size=245760Kb used=28464Kb max_used=28464Kb free=217295Kb
 bounds [0x0000000002780000, 0x0000000004370000, 0x0000000011780000]
 total_blobs=9049 nmethods=8294 adapters=666
 compilation: enabled

Compilation events (10 events):
Event: 28.523 Thread 0x0000000057763800 nmethod 9248 0x00000000043657d0 code [0x0000000004365940, 0x0000000004365bb0]
Event: 28.526 Thread 0x0000000057763800 9250       1       java.nio.file.FileTreeWalker$DirectoryNode::skipped (5 bytes)
Event: 28.526 Thread 0x0000000057763800 nmethod 9250 0x0000000004365c90 code [0x0000000004365de0, 0x0000000004365ef0]
Event: 28.526 Thread 0x0000000057763800 9251       1       java.nio.file.FileTreeWalker$DirectoryNode::iterator (5 bytes)
Event: 28.526 Thread 0x0000000057763800 nmethod 9251 0x0000000004365f50 code [0x00000000043660a0, 0x00000000043661b0]
Event: 28.527 Thread 0x0000000057763800 9252       3       com.google.common.cache.LocalCache$AccessQueue::peek (5 bytes)
Event: 28.527 Thread 0x0000000057763800 nmethod 9252 0x0000000004366210 code [0x0000000004366380, 0x00000000043666c8]
Event: 28.527 Thread 0x0000000057763800 9253       3       com.google.common.cache.LocalCache$AccessQueue::peek (24 bytes)
Event: 28.527 Thread 0x0000000057763800 nmethod 9253 0x00000000043667d0 code [0x0000000004366940, 0x0000000004366bc8]
Event: 28.563 Thread 0x0000000057763800 9254       3       org.apache.commons.collections.map.AbstractHashedMap::isEqualKey (19 bytes)

GC Heap History (10 events):
Event: 13.143 GC heap before
{Heap before GC invocations=10 (full 2):
 PSYoungGen      total 113152K, used 102912K [0x00000000e0000000, 0x00000000ebd80000, 0x0000000100000000)
  eden space 102912K, 100% used [0x00000000e0000000,0x00000000e6480000,0x00000000e6480000)
  from space 10240K, 0% used [0x00000000e6480000,0x00000000e6480000,0x00000000e6e80000)
  to   space 12288K, 0% used [0x00000000eb180000,0x00000000eb180000,0x00000000ebd80000)
 ParOldGen       total 88064K, used 18031K [0x00000000a0000000, 0x00000000a5600000, 0x00000000e0000000)
  object space 88064K, 20% used [0x00000000a0000000,0x00000000a119bf28,0x00000000a5600000)
 Metaspace       used 42653K, capacity 43540K, committed 43904K, reserved 1087488K
  class space    used 5751K, capacity 6004K, committed 6016K, reserved 1048576K
Event: 13.186 GC heap after
Heap after GC invocations=10 (full 2):
 PSYoungGen      total 176640K, used 10633K [0x00000000e0000000, 0x00000000ebc00000, 0x0000000100000000)
  eden space 165888K, 0% used [0x00000000e0000000,0x00000000e0000000,0x00000000ea200000)
  from space 10752K, 98% used [0x00000000eb180000,0x00000000ebbe2590,0x00000000ebc00000)
  to   space 12800K, 0% used [0x00000000ea300000,0x00000000ea300000,0x00000000eaf80000)
 ParOldGen       total 88064K, used 18039K [0x00000000a0000000, 0x00000000a5600000, 0x00000000e0000000)
  object space 88064K, 20% used [0x00000000a0000000,0x00000000a119df28,0x00000000a5600000)
 Metaspace       used 42653K, capacity 43540K, committed 43904K, reserved 1087488K
  class space    used 5751K, capacity 6004K, committed 6016K, reserved 1048576K
}
Event: 16.482 GC heap before
{Heap before GC invocations=11 (full 2):
 PSYoungGen      total 176640K, used 176521K [0x00000000e0000000, 0x00000000ebc00000, 0x0000000100000000)
  eden space 165888K, 100% used [0x00000000e0000000,0x00000000ea200000,0x00000000ea200000)
  from space 10752K, 98% used [0x00000000eb180000,0x00000000ebbe2590,0x00000000ebc00000)
  to   space 12800K, 0% used [0x00000000ea300000,0x00000000ea300000,0x00000000eaf80000)
 ParOldGen       total 88064K, used 18039K [0x00000000a0000000, 0x00000000a5600000, 0x00000000e0000000)
  object space 88064K, 20% used [0x00000000a0000000,0x00000000a119df28,0x00000000a5600000)
 Metaspace       used 49870K, capacity 51722K, committed 51968K, reserved 1093632K
  class space    used 6732K, capacity 7091K, committed 7168K, reserved 1048576K
Event: 16.521 GC heap after
Heap after GC invocations=11 (full 2):
 PSYoungGen      total 179712K, used 12768K [0x00000000e0000000, 0x00000000f0000000, 0x0000000100000000)
  eden space 166912K, 0% used [0x00000000e0000000,0x00000000e0000000,0x00000000ea300000)
  from space 12800K, 99% used [0x00000000ea300000,0x00000000eaf781f8,0x00000000eaf80000)
  to   space 18944K, 0% used [0x00000000eed80000,0x00000000eed80000,0x00000000f0000000)
 ParOldGen       total 88064K, used 29540K [0x00000000a0000000, 0x00000000a5600000, 0x00000000e0000000)
  object space 88064K, 33% used [0x00000000a0000000,0x00000000a1cd91c8,0x00000000a5600000)
 Metaspace       used 49870K, capacity 51722K, committed 51968K, reserved 1093632K
  class space    used 6732K, capacity 7091K, committed 7168K, reserved 1048576K
}
Event: 19.272 GC heap before
{Heap before GC invocations=12 (full 2):
 PSYoungGen      total 179712K, used 179680K [0x00000000e0000000, 0x00000000f0000000, 0x0000000100000000)
  eden space 166912K, 100% used [0x00000000e0000000,0x00000000ea300000,0x00000000ea300000)
  from space 12800K, 99% used [0x00000000ea300000,0x00000000eaf781f8,0x00000000eaf80000)
  to   space 18944K, 0% used [0x00000000eed80000,0x00000000eed80000,0x00000000f0000000)
 ParOldGen       total 88064K, used 29540K [0x00000000a0000000, 0x00000000a5600000, 0x00000000e0000000)
  object space 88064K, 33% used [0x00000000a0000000,0x00000000a1cd91c8,0x00000000a5600000)
 Metaspace       used 55369K, capacity 57938K, committed 58240K, reserved 1099776K
  class space    used 7514K, capacity 8008K, committed 8064K, reserved 1048576K
Event: 19.337 GC heap after
Heap after GC invocations=12 (full 2):
 PSYoungGen      total 235008K, used 18934K [0x00000000e0000000, 0x00000000f1380000, 0x0000000100000000)
  eden space 216064K, 0% used [0x00000000e0000000,0x00000000e0000000,0x00000000ed300000)
  from space 18944K, 99% used [0x00000000eed80000,0x00000000efffd860,0x00000000f0000000)
  to   space 27136K, 0% used [0x00000000ed300000,0x00000000ed300000,0x00000000eed80000)
 ParOldGen       total 88064K, used 44991K [0x00000000a0000000, 0x00000000a5600000, 0x00000000e0000000)
  object space 88064K, 51% used [0x00000000a0000000,0x00000000a2befe70,0x00000000a5600000)
 Metaspace       used 55369K, capacity 57938K, committed 58240K, reserved 1099776K
  class space    used 7514K, capacity 8008K, committed 8064K, reserved 1048576K
}
Event: 25.666 GC heap before
{Heap before GC invocations=13 (full 2):
 PSYoungGen      total 235008K, used 155410K [0x00000000e0000000, 0x00000000f1380000, 0x0000000100000000)
  eden space 216064K, 63% used [0x00000000e0000000,0x00000000e85472f0,0x00000000ed300000)
  from space 18944K, 99% used [0x00000000eed80000,0x00000000efffd860,0x00000000f0000000)
  to   space 27136K, 0% used [0x00000000ed300000,0x00000000ed300000,0x00000000eed80000)
 ParOldGen       total 88064K, used 44991K [0x00000000a0000000, 0x00000000a5600000, 0x00000000e0000000)
  object space 88064K, 51% used [0x00000000a0000000,0x00000000a2befe70,0x00000000a5600000)
 Metaspace       used 56323K, capacity 59078K, committed 59160K, reserved 1099776K
  class space    used 7574K, capacity 8110K, committed 8192K, reserved 1048576K
Event: 26.062 GC heap after
Heap after GC invocations=13 (full 2):
 PSYoungGen      total 243200K, used 11473K [0x00000000e0000000, 0x00000000f6000000, 0x0000000100000000)
  eden space 216064K, 0% used [0x00000000e0000000,0x00000000e0000000,0x00000000ed300000)
  from space 27136K, 42% used [0x00000000ed300000,0x00000000ede34778,0x00000000eed80000)
  to   space 26112K, 0% used [0x00000000f4680000,0x00000000f4680000,0x00000000f6000000)
 ParOldGen       total 88064K, used 64028K [0x00000000a0000000, 0x00000000a5600000, 0x00000000e0000000)
  object space 88064K, 72% used [0x00000000a0000000,0x00000000a3e87260,0x00000000a5600000)
 Metaspace       used 56323K, capacity 59078K, committed 59160K, reserved 1099776K
  class space    used 7574K, capacity 8110K, committed 8192K, reserved 1048576K
}
Event: 26.062 GC heap before
{Heap before GC invocations=14 (full 3):
 PSYoungGen      total 243200K, used 11473K [0x00000000e0000000, 0x00000000f6000000, 0x0000000100000000)
  eden space 216064K, 0% used [0x00000000e0000000,0x00000000e0000000,0x00000000ed300000)
  from space 27136K, 42% used [0x00000000ed300000,0x00000000ede34778,0x00000000eed80000)
  to   space 26112K, 0% used [0x00000000f4680000,0x00000000f4680000,0x00000000f6000000)
 ParOldGen       total 88064K, used 64028K [0x00000000a0000000, 0x00000000a5600000, 0x00000000e0000000)
  object space 88064K, 72% used [0x00000000a0000000,0x00000000a3e87260,0x00000000a5600000)
 Metaspace       used 56323K, capacity 59078K, committed 59160K, reserved 1099776K
  class space    used 7574K, capacity 8110K, committed 8192K, reserved 1048576K
Event: 26.832 GC heap after
Heap after GC invocations=14 (full 3):
 PSYoungGen      total 243200K, used 0K [0x00000000e0000000, 0x00000000f6000000, 0x0000000100000000)
  eden space 216064K, 0% used [0x00000000e0000000,0x00000000e0000000,0x00000000ed300000)
  from space 27136K, 0% used [0x00000000ed300000,0x00000000ed300000,0x00000000eed80000)
  to   space 26112K, 0% used [0x00000000f4680000,0x00000000f4680000,0x00000000f6000000)
 ParOldGen       total 158720K, used 57772K [0x00000000a0000000, 0x00000000a9b00000, 0x00000000e0000000)
  object space 158720K, 36% used [0x00000000a0000000,0x00000000a386b358,0x00000000a9b00000)
 Metaspace       used 56323K, capacity 59078K, committed 59160K, reserved 1099776K
  class space    used 7574K, capacity 8110K, committed 8192K, reserved 1048576K
}

Deoptimization events (10 events):
Event: 27.793 Thread 0x00000000598a5000 Uncommon trap: reason=class_check action=maybe_recompile pc=0x000000000422908c method=com.google.common.collect.NaturalOrdering.compare(Ljava/lang/Object;Ljava/lang/Object;)I @ 2
Event: 27.793 Thread 0x00000000598a5000 Uncommon trap: reason=class_check action=maybe_recompile pc=0x000000000422908c method=com.google.common.collect.NaturalOrdering.compare(Ljava/lang/Object;Ljava/lang/Object;)I @ 2
Event: 28.086 Thread 0x00000000598a5000 Uncommon trap: reason=class_check action=maybe_recompile pc=0x000000000422dccc method=com.google.common.collect.AbstractIterator.tryToComputeNext()Z @ 9
Event: 28.115 Thread 0x00000000598a5000 Uncommon trap: reason=class_check action=maybe_recompile pc=0x000000000331b1d4 method=com.google.common.collect.ImmutableList$1.get(I)Ljava/lang/Object; @ 5
Event: 28.207 Thread 0x00000000598a5000 Uncommon trap: reason=class_check action=maybe_recompile pc=0x000000000331b1d4 method=com.google.common.collect.ImmutableList$1.get(I)Ljava/lang/Object; @ 5
Event: 28.218 Thread 0x00000000598a5000 Uncommon trap: reason=class_check action=maybe_recompile pc=0x000000000331b1d4 method=com.google.common.collect.ImmutableList$1.get(I)Ljava/lang/Object; @ 5
Event: 28.220 Thread 0x00000000598a5000 Uncommon trap: reason=class_check action=maybe_recompile pc=0x000000000422dccc method=com.google.common.collect.AbstractIterator.tryToComputeNext()Z @ 9
Event: 28.248 Thread 0x00000000598a5000 Uncommon trap: reason=class_check action=maybe_recompile pc=0x000000000422dccc method=com.google.common.collect.AbstractIterator.tryToComputeNext()Z @ 9
Event: 28.248 Thread 0x00000000598a5000 Uncommon trap: reason=class_check action=maybe_recompile pc=0x000000000331b1d4 method=com.google.common.collect.ImmutableList$1.get(I)Ljava/lang/Object; @ 5
Event: 28.306 Thread 0x00000000598a5000 Uncommon trap: reason=class_check action=maybe_recompile pc=0x000000000422dccc method=com.google.common.collect.AbstractIterator.tryToComputeNext()Z @ 9

Internal exceptions (10 events):
Event: 24.132 Thread 0x00000000598a5000 Exception <a 'sun/nio/fs/WindowsException'> (0x00000000e3860938) thrown at [C:\src\android\AOSP-openjdk\external\jetbrains\jdk\hotspot\src\share\vm\prims\jni.cpp, line 709]
Event: 24.133 Thread 0x00000000598a5000 Exception <a 'sun/nio/fs/WindowsException'> (0x00000000e3864478) thrown at [C:\src\android\AOSP-openjdk\external\jetbrains\jdk\hotspot\src\share\vm\prims\jni.cpp, line 709]
Event: 24.133 Thread 0x00000000598a5000 Exception <a 'sun/nio/fs/WindowsException'> (0x00000000e3865010) thrown at [C:\src\android\AOSP-openjdk\external\jetbrains\jdk\hotspot\src\share\vm\prims\jni.cpp, line 709]
Event: 24.133 Thread 0x00000000598a5000 Exception <a 'sun/nio/fs/WindowsException'> (0x00000000e3866bd8) thrown at [C:\src\android\AOSP-openjdk\external\jetbrains\jdk\hotspot\src\share\vm\prims\jni.cpp, line 709]
Event: 24.133 Thread 0x00000000598a5000 Exception <a 'sun/nio/fs/WindowsException'> (0x00000000e38677b0) thrown at [C:\src\android\AOSP-openjdk\external\jetbrains\jdk\hotspot\src\share\vm\prims\jni.cpp, line 709]
Event: 27.500 Thread 0x00000000598a5000 Exception <a 'java/lang/NoSuchMethodError': <clinit>> (0x00000000e0f7a7e0) thrown at [C:\src\android\AOSP-openjdk\external\jetbrains\jdk\hotspot\src\share\vm\prims\jni.cpp, line 1613]
Event: 27.500 Thread 0x00000000598a5000 Exception <a 'java/lang/NoSuchMethodError': <clinit>> (0x00000000e0f88048) thrown at [C:\src\android\AOSP-openjdk\external\jetbrains\jdk\hotspot\src\share\vm\prims\jni.cpp, line 1613]
Event: 27.511 Thread 0x00000000598a5000 Exception <a 'java/lang/NoSuchMethodError': <clinit>> (0x00000000e0ffa238) thrown at [C:\src\android\AOSP-openjdk\external\jetbrains\jdk\hotspot\src\share\vm\prims\jni.cpp, line 1613]
Event: 27.512 Thread 0x00000000598a5000 Exception <a 'java/lang/NoSuchMethodError': <clinit>> (0x00000000e1012f90) thrown at [C:\src\android\AOSP-openjdk\external\jetbrains\jdk\hotspot\src\share\vm\prims\jni.cpp, line 1613]
Event: 27.512 Thread 0x00000000598a5000 Exception <a 'java/lang/NoSuchMethodError': <clinit>> (0x00000000e1014c10) thrown at [C:\src\android\AOSP-openjdk\external\jetbrains\jdk\hotspot\src\share\vm\prims\jni.cpp, line 1613]

Events (10 events):
Event: 28.248 Thread 0x00000000598a5000 DEOPT UNPACKING pc=0x00000000027c556a sp=0x000000005b9fccd0 mode 2
Event: 28.306 Thread 0x00000000598a5000 Uncommon trap: trap_request=0xffffffde fr.pc=0x000000000422dccc
Event: 28.306 Thread 0x00000000598a5000 DEOPT PACKING pc=0x000000000422dccc sp=0x000000005b9fcfd0
Event: 28.306 Thread 0x00000000598a5000 DEOPT UNPACKING pc=0x00000000027c556a sp=0x000000005b9fcf18 mode 2
Event: 28.306 loading class org/gradle/api/internal/file/DefaultFileCollectionFactory$3
Event: 28.306 loading class org/gradle/api/internal/file/DefaultFileCollectionFactory$3 done
Event: 28.310 loading class org/gradle/api/internal/changedetection/state/MissingFileVisitDetails
Event: 28.310 loading class org/gradle/api/internal/changedetection/state/MissingFileVisitDetails done
Event: 28.379 Thread 0x00000000598a5000 DEOPT PACKING pc=0x0000000002a65d46 sp=0x000000005b9fc530
Event: 28.379 Thread 0x00000000598a5000 DEOPT UNPACKING pc=0x00000000027c75bf sp=0x000000005b9fc3e8 mode 0


Dynamic libraries:
0x000000013f3b0000 - 0x000000013f3e1000 	E:\AS\jre\bin\java.exe
0x0000000077c20000 - 0x0000000077dca000 	C:\Windows\SYSTEM32\ntdll.dll
0x0000000077b00000 - 0x0000000077c1f000 	C:\Windows\system32\kernel32.dll
0x000007fefe170000 - 0x000007fefe1da000 	C:\Windows\system32\KERNELBASE.dll
0x000007feff020000 - 0x000007feff0fb000 	C:\Windows\system32\ADVAPI32.dll
0x000007fefea90000 - 0x000007fefeb2f000 	C:\Windows\system32\msvcrt.dll
0x000007fefe7c0000 - 0x000007fefe7df000 	C:\Windows\SYSTEM32\sechost.dll
0x000007fefe630000 - 0x000007fefe75d000 	C:\Windows\system32\RPCRT4.dll
0x0000000077680000 - 0x000000007777a000 	C:\Windows\system32\USER32.dll
0x000007fefed20000 - 0x000007fefed87000 	C:\Windows\system32\GDI32.dll
0x000007feff100000 - 0x000007feff10e000 	C:\Windows\system32\LPK.dll
0x000007fefed90000 - 0x000007fefee5a000 	C:\Windows\system32\USP10.dll
0x000007fefd030000 - 0x000007fefd224000 	C:\Windows\WinSxS\amd64_microsoft.windows.common-controls_6595b64144ccf1df_6.0.7601.18837_none_fa3b1e3d17594757\COMCTL32.dll
0x000007fefefa0000 - 0x000007feff011000 	C:\Windows\system32\SHLWAPI.dll
0x000007feffea0000 - 0x000007feffece000 	C:\Windows\system32\IMM32.DLL
0x000007fefeb30000 - 0x000007fefec39000 	C:\Windows\system32\MSCTF.dll
0x00000000697d0000 - 0x00000000698a2000 	E:\AS\jre\jre\bin\msvcr100.dll
0x00000000698b0000 - 0x000000006a0ec000 	E:\AS\jre\jre\bin\server\jvm.dll
0x000007fef4510000 - 0x000007fef4519000 	C:\Windows\system32\WSOCK32.dll
0x000007fefe770000 - 0x000007fefe7bd000 	C:\Windows\system32\WS2_32.dll
0x000007fefe760000 - 0x000007fefe768000 	C:\Windows\system32\NSI.dll
0x000007fef9d40000 - 0x000007fef9d7b000 	C:\Windows\system32\WINMM.dll
0x000007fefcf30000 - 0x000007fefcf3c000 	C:\Windows\system32\VERSION.dll
0x0000000077df0000 - 0x0000000077df7000 	C:\Windows\system32\PSAPI.DLL
0x000007fef62c0000 - 0x000007fef62cf000 	E:\AS\jre\jre\bin\verify.dll
0x000007fef3660000 - 0x000007fef3689000 	E:\AS\jre\jre\bin\java.dll
0x000007fef38d0000 - 0x000007fef38e6000 	E:\AS\jre\jre\bin\zip.dll
0x000007feff110000 - 0x000007feffe99000 	C:\Windows\system32\SHELL32.dll
0x000007fefe7e0000 - 0x000007fefe9e3000 	C:\Windows\system32\ole32.dll
0x000007fefe080000 - 0x000007fefe08f000 	C:\Windows\system32\profapi.dll
0x000007fef2240000 - 0x000007fef225a000 	E:\AS\jre\jre\bin\net.dll
0x000007fefd880000 - 0x000007fefd8d5000 	C:\Windows\system32\mswsock.dll
0x000007fefd870000 - 0x000007fefd877000 	C:\Windows\System32\wship6.dll
0x000007fef2220000 - 0x000007fef2231000 	E:\AS\jre\jre\bin\nio.dll
0x000007fef3890000 - 0x000007fef38ae000 	C:\Users\Administrator\.gradle\native\23\windows-amd64\native-platform.dll
0x000007fefd8e0000 - 0x000007fefd8f8000 	C:\Windows\system32\CRYPTSP.dll
0x000007fefd560000 - 0x000007fefd5a7000 	C:\Windows\system32\rsaenh.dll
0x000007fefd320000 - 0x000007fefd33e000 	C:\Windows\system32\USERENV.dll
0x000007fefdf70000 - 0x000007fefdf7f000 	C:\Windows\system32\CRYPTBASE.dll
0x000007fefba40000 - 0x000007fefba67000 	C:\Windows\system32\IPHLPAPI.DLL
0x000007fefb950000 - 0x000007fefb95b000 	C:\Windows\system32\WINNSI.DLL
0x000007fefae10000 - 0x000007fefae21000 	C:\Windows\system32\dhcpcsvc6.DLL
0x000007fefd610000 - 0x000007fefd628000 	C:\Windows\system32\dhcpcsvc.DLL
0x000007fef1d80000 - 0x000007fef1d8d000 	E:\AS\jre\jre\bin\management.dll
0x000007fefdf10000 - 0x000007fefdf67000 	C:\Windows\system32\apphelp.dll
0x000007fef19d0000 - 0x000007fef1af5000 	C:\Windows\system32\dbghelp.dll

VM Arguments:
jvm_args: -Xmx1536m -Dfile.encoding=GBK -Duser.country=CN -Duser.language=zh -Duser.variant 
java_command: org.gradle.launcher.daemon.bootstrap.GradleDaemon 3.3
java_class_path (initial): C:\Users\Administrator\.gradle\wrapper\dists\gradle-3.3-all\55gk2rcmfc6p2dg9u9ohc3hw9\gradle-3.3\lib\gradle-launcher-3.3.jar
Launcher Type: SUN_STANDARD

Environment Variables:
JAVA_HOME=C:\Program Files\Java\jdk1.8.0_131
CLASSPATH=C:\Program Files\Java\jdk1.8.0_131\lib\dt.jar;C:\Program Files\Java\jdk1.8.0_131\lib\tools.jar
PATH=C:\ProgramData\Oracle\Java\javapath;C:\Windows\system32;C:\Windows;C:\Windows\System32\Wbem;C:\Windows\System32\WindowsPowerShell\v1.0\;C:\Program Files\Java\jdk1.8.0_131\bin;C:\Program Files\Java\jdk1.8.0_131\jre\bin;C:\Program Files\TortoiseSVN\bin
USERNAME=Administrator
OS=Windows_NT
PROCESSOR_IDENTIFIER=Intel64 Family 6 Model 42 Stepping 7, GenuineIntel



---------------  S Y S T E M  ---------------

OS: Windows 7 , 64 bit Build 7601 (6.1.7601.23569)

CPU:total 4 (2 cores per cpu, 2 threads per core) family 6 model 42 stepping 7, cmov, cx8, fxsr, mmx, sse, sse2, sse3, ssse3, sse4.1, sse4.2, popcnt, avx, clmul, ht, tsc, tscinvbit

Memory: 4k page, physical 8071000k(4854964k free), swap 16140140k(12722764k free)

vm_info: OpenJDK 64-Bit Server VM (25.112-b06) for windows-amd64 JRE (1.8.0_112-release-b06), built on Dec  8 2016 00:54:26 by "builder" with MS VC++ 10.0 (VS2010)

time: Mon Sep 18 16:39:05 2017
elapsed time: 28 seconds (0d 0h 0m 28s)

