#
# A fatal error has been detected by the Java Runtime Environment:
#
#  EXCEPTION_ACCESS_VIOLATION (0xc0000005) at pc=0x00000000662187a6, pid=952, tid=0x0000000000001148
#
# JRE version: OpenJDK Runtime Environment (8.0_112-b06) (build 1.8.0_112-release-b06)
# Java VM: OpenJDK 64-Bit Server VM (25.112-b06 mixed mode windows-amd64 compressed oops)
# Problematic frame:
# V  [jvm.dll+0x2687a6]
#
# Failed to write core dump. Minidumps are not enabled by default on client versions of Windows
#
# If you would like to submit a bug report, please visit:
#   http://bugreport.java.com/bugreport/crash.jsp
#

---------------  T H R E A D  ---------------

Current thread (0x00000000598f7000):  JavaThread "Daemon worker Thread 3" [_thread_in_vm, id=4424, stack(0x000000005ac10000,0x000000005ad10000)]

siginfo: ExceptionCode=0xc0000005, reading address 0x00000d0000000028

Registers:
RAX=0x00000000026d071c, RBX=0x00000000591ec6c8, RCX=0x00000d0000000000, RDX=0x0000000000000000
RSP=0x000000005ad0ca30, RBP=0x0000000000000000, RSI=0x000000005ad0d190, RDI=0x00000000598f7000
R8 =0x0000610000000000, R9 =0x00000000598f7000, R10=0x0000000066761e80, R11=0x0000000062e4aef0
R12=0x00000000000000a1, R13=0x000000005d226a50, R14=0x00000000000000a1, R15=0x000000005871c020
RIP=0x00000000662187a6, EFLAGS=0x0000000000010206

Top of Stack: (sp=0x000000005ad0ca30)
0x000000005ad0ca30:   00000000598f7000 00000000661a4c82
0x000000005ad0ca40:   0000000051035840 00000000661a4c82
0x000000005ad0ca50:   00000000591ec6c8 000000006608161d
0x000000005ad0ca60:   0000000000000000 0000000066009e9d
0x000000005ad0ca70:   000000005ad0d190 000000006619f085
0x000000005ad0ca80:   00000000598f7000 0000000015a040a8
0x000000005ad0ca90:   000000005ad00001 000000005871c021
0x000000005ad0caa0:   00000000598f7000 0000000066081c51
0x000000005ad0cab0:   0000000015a040a8 000000005ad0d1e0
0x000000005ad0cac0:   000000005ad0d1e0 000000005ad0d1e0
0x000000005ad0cad0:   00000000598f7000 000000000000005b
0x000000005ad0cae0:   00000000598f0001 000000001605a470
0x000000005ad0caf0:   000000005d22acd0 000000006619f085
0x000000005ad0cb00:   00000000598f7000 0000000015d892e8
0x000000005ad0cb10:   00000000598f7000 0000000066009e9d
0x000000005ad0cb20:   00000000598f7000 0000000066081c51 

Instructions: (pc=0x00000000662187a6)
0x0000000066218786:   66 3b fe ff ff 15 18 b9 33 00 48 8b 5c 24 30 48
0x0000000066218796:   8b 74 24 38 48 83 c4 20 5f c3 40 53 48 83 ec 20
0x00000000662187a6:   48 83 79 28 00 48 8b d9 75 25 4c 8d 0d 09 93 37
0x00000000662187b6:   00 4c 8d 05 52 9e 37 00 48 8d 0d 6b 0f 39 00 ba 


Register to memory mapping:

RAX=0x00000000026d071c is at begin+0 in a stub
StubRoutines::orderaccess_fence [0x00000000026d071c, 0x00000000026d0722[ (6 bytes)
RBX=0x00000000591ec6c8 is an unknown value
RCX=0x00000d0000000000 is an unknown value
RDX=0x0000000000000000 is an unknown value
RSP=0x000000005ad0ca30 is pointing into the stack for thread: 0x00000000598f7000
RBP=0x0000000000000000 is an unknown value
RSI=0x000000005ad0d190 is pointing into the stack for thread: 0x00000000598f7000
RDI=0x00000000598f7000 is a thread
R8 =0x0000610000000000 is an unknown value
R9 =0x00000000598f7000 is a thread
R10=0x0000000066761e80 is an unknown value
R11=0x0000000062e4aef0 is pointing into metadata
R12=0x00000000000000a1 is an unknown value
R13=0x000000005d226a50 is an unknown value
R14=0x00000000000000a1 is an unknown value
R15=0x000000005871c020 is an unknown value


Stack: [0x000000005ac10000,0x000000005ad10000],  sp=0x000000005ad0ca30,  free space=1010k
Native frames: (J=compiled Java code, j=interpreted, Vv=VM code, C=native code)

Java frames: (J=compiled Java code, j=interpreted, Vv=VM code)
j  org.gradle.execution.taskgraph.TaskInfo.allDependenciesComplete()Z+8
j  org.gradle.execution.taskgraph.DefaultTaskExecutionPlan.getTaskToExecute()Lorg/gradle/execution/taskgraph/TaskInfo;+95
j  org.gradle.execution.taskgraph.AbstractTaskPlanExecutor$TaskExecutorWorker.run()V+15
j  org.gradle.execution.taskgraph.DefaultTaskPlanExecutor.process(Lorg/gradle/execution/taskgraph/TaskExecutionPlan;Lorg/gradle/api/Action;)V+10
j  org.gradle.execution.taskgraph.DefaultTaskGraphExecuter.execute()V+61
j  org.gradle.execution.SelectedTaskExecutionAction.execute(Lorg/gradle/execution/BuildExecutionContext;)V+55
j  org.gradle.execution.DefaultBuildExecuter.execute(Lorg/gradle/api/internal/GradleInternal;I)V+37
j  org.gradle.execution.DefaultBuildExecuter.access$000(Lorg/gradle/execution/DefaultBuildExecuter;Lorg/gradle/api/internal/GradleInternal;I)V+3
j  org.gradle.execution.DefaultBuildExecuter$1.proceed()V+14
j  org.gradle.execution.DryRunBuildExecutionAction.execute(Lorg/gradle/execution/BuildExecutionContext;)V+68
j  org.gradle.execution.DefaultBuildExecuter.execute(Lorg/gradle/api/internal/GradleInternal;I)V+37
j  org.gradle.execution.DefaultBuildExecuter.execute(Lorg/gradle/api/internal/GradleInternal;)V+3
j  org.gradle.initialization.DefaultGradleLauncher$3.execute(Lorg/gradle/internal/operations/BuildOperationContext;)V+14
j  org.gradle.initialization.DefaultGradleLauncher$3.execute(Ljava/lang/Object;)V+5
J 10709 C1 org.gradle.internal.Transformers$4.transform(Ljava/lang/Object;)Ljava/lang/Object; (12 bytes) @ 0x00000000044c7c44 [0x00000000044c7b40+0x104]
J 10515 C1 org.gradle.internal.progress.DefaultBuildOperationExecutor.run(Lorg/gradle/internal/progress/BuildOperationDetails;Lorg/gradle/api/Transformer;)Ljava/lang/Object; (477 bytes) @ 0x000000000447364c [0x00000000044713c0+0x228c]
j  org.gradle.internal.progress.DefaultBuildOperationExecutor.run(Ljava/lang/String;Lorg/gradle/api/Action;)V+12
j  org.gradle.initialization.DefaultGradleLauncher.doBuildStages(Lorg/gradle/initialization/DefaultGradleLauncher$Stage;)V+154
j  org.gradle.initialization.DefaultGradleLauncher.doBuild(Lorg/gradle/initialization/DefaultGradleLauncher$Stage;)Lorg/gradle/BuildResult;+17
j  org.gradle.initialization.DefaultGradleLauncher.run()Lorg/gradle/BuildResult;+4
j  org.gradle.launcher.exec.GradleBuildController.run()Lorg/gradle/api/internal/GradleInternal;+4
j  org.gradle.tooling.internal.provider.runner.BuildModelActionRunner.run(Lorg/gradle/internal/invocation/BuildAction;Lorg/gradle/internal/invocation/BuildController;)V+48
j  org.gradle.launcher.exec.ChainingBuildActionRunner.run(Lorg/gradle/internal/invocation/BuildAction;Lorg/gradle/internal/invocation/BuildController;)V+34
j  org.gradle.tooling.internal.provider.runner.RunAsBuildOperationBuildActionRunner$1.execute(Lorg/gradle/internal/operations/BuildOperationContext;)V+15
j  org.gradle.tooling.internal.provider.runner.RunAsBuildOperationBuildActionRunner$1.execute(Ljava/lang/Object;)V+5
j  org.gradle.internal.Transformers$4.transform(Ljava/lang/Object;)Ljava/lang/Object;+5
j  org.gradle.internal.progress.DefaultBuildOperationExecutor.run(Lorg/gradle/internal/progress/BuildOperationDetails;Lorg/gradle/api/Transformer;)Ljava/lang/Object;+276
j  org.gradle.internal.progress.DefaultBuildOperationExecutor.run(Ljava/lang/String;Lorg/gradle/api/Action;)V+12
j  org.gradle.tooling.internal.provider.runner.RunAsBuildOperationBuildActionRunner.run(Lorg/gradle/internal/invocation/BuildAction;Lorg/gradle/internal/invocation/BuildController;)V+16
j  org.gradle.tooling.internal.provider.runner.SubscribableBuildActionRunner.run(Lorg/gradle/internal/invocation/BuildAction;Lorg/gradle/internal/invocation/BuildController;)V+38
j  org.gradle.launcher.exec.ChainingBuildActionRunner.run(Lorg/gradle/internal/invocation/BuildAction;Lorg/gradle/internal/invocation/BuildController;)V+34
j  org.gradle.launcher.exec.InProcessBuildActionExecuter.execute(Lorg/gradle/internal/invocation/BuildAction;Lorg/gradle/initialization/BuildRequestContext;Lorg/gradle/launcher/exec/BuildActionParameters;Lorg/gradle/internal/service/ServiceRegistry;)Ljava/lang/Object;+64
j  org.gradle.launcher.exec.InProcessBuildActionExecuter.execute(Lorg/gradle/internal/invocation/BuildAction;Lorg/gradle/initialization/BuildRequestContext;Ljava/lang/Object;Lorg/gradle/internal/service/ServiceRegistry;)Ljava/lang/Object;+9
j  org.gradle.tooling.internal.provider.ContinuousBuildActionExecuter.execute(Lorg/gradle/internal/invocation/BuildAction;Lorg/gradle/initialization/BuildRequestContext;Lorg/gradle/launcher/exec/BuildActionParameters;Lorg/gradle/internal/service/ServiceRegistry;)Ljava/lang/Object;+28
j  org.gradle.tooling.internal.provider.ContinuousBuildActionExecuter.execute(Lorg/gradle/internal/invocation/BuildAction;Lorg/gradle/initialization/BuildRequestContext;Ljava/lang/Object;Lorg/gradle/internal/service/ServiceRegistry;)Ljava/lang/Object;+9
j  org.gradle.tooling.internal.provider.ServicesSetupBuildActionExecuter.execute(Lorg/gradle/internal/invocation/BuildAction;Lorg/gradle/initialization/BuildRequestContext;Lorg/gradle/launcher/exec/BuildActionParameters;Lorg/gradle/internal/service/ServiceRegistry;)Ljava/lang/Object;+52
j  org.gradle.tooling.internal.provider.ServicesSetupBuildActionExecuter.execute(Lorg/gradle/internal/invocation/BuildAction;Lorg/gradle/initialization/BuildRequestContext;Ljava/lang/Object;Lorg/gradle/internal/service/ServiceRegistry;)Ljava/lang/Object;+9
j  org.gradle.launcher.daemon.server.exec.ExecuteBuild.doBuild(Lorg/gradle/launcher/daemon/server/api/DaemonCommandExecution;Lorg/gradle/launcher/daemon/protocol/Build;)V+114
j  org.gradle.launcher.daemon.server.exec.BuildCommandOnly.execute(Lorg/gradle/launcher/daemon/server/api/DaemonCommandExecution;)V+49
j  org.gradle.launcher.daemon.server.api.DaemonCommandExecution.proceed()Z+28
j  org.gradle.launcher.daemon.server.exec.WatchForDisconnection.execute(Lorg/gradle/launcher/daemon/server/api/DaemonCommandExecution;)V+19
j  org.gradle.launcher.daemon.server.api.DaemonCommandExecution.proceed()Z+28
j  org.gradle.launcher.daemon.server.exec.ResetDeprecationLogger.execute(Lorg/gradle/launcher/daemon/server/api/DaemonCommandExecution;)V+4
j  org.gradle.launcher.daemon.server.api.DaemonCommandExecution.proceed()Z+28
j  org.gradle.launcher.daemon.server.exec.RequestStopIfSingleUsedDaemon.execute(Lorg/gradle/launcher/daemon/server/api/DaemonCommandExecution;)V+33
j  org.gradle.launcher.daemon.server.api.DaemonCommandExecution.proceed()Z+28
j  org.gradle.launcher.daemon.server.exec.ForwardClientInput$2.call()Ljava/lang/Void;+4
j  org.gradle.launcher.daemon.server.exec.ForwardClientInput$2.call()Ljava/lang/Object;+1
j  org.gradle.util.Swapper.swap(Ljava/lang/Object;Ljava/util/concurrent/Callable;)Ljava/lang/Object;+21
j  org.gradle.launcher.daemon.server.exec.ForwardClientInput.execute(Lorg/gradle/launcher/daemon/server/api/DaemonCommandExecution;)V+63
j  org.gradle.launcher.daemon.server.api.DaemonCommandExecution.proceed()Z+28
j  org.gradle.launcher.daemon.server.exec.LogAndCheckHealth.execute(Lorg/gradle/launcher/daemon/server/api/DaemonCommandExecution;)V+28
j  org.gradle.launcher.daemon.server.api.DaemonCommandExecution.proceed()Z+28
j  org.gradle.launcher.daemon.server.exec.LogToClient.doBuild(Lorg/gradle/launcher/daemon/server/api/DaemonCommandExecution;Lorg/gradle/launcher/daemon/protocol/Build;)V+87
j  org.gradle.launcher.daemon.server.exec.BuildCommandOnly.execute(Lorg/gradle/launcher/daemon/server/api/DaemonCommandExecution;)V+49
j  org.gradle.launcher.daemon.server.api.DaemonCommandExecution.proceed()Z+28
j  org.gradle.launcher.daemon.server.exec.EstablishBuildEnvironment.doBuild(Lorg/gradle/launcher/daemon/server/api/DaemonCommandExecution;Lorg/gradle/launcher/daemon/protocol/Build;)V+279
j  org.gradle.launcher.daemon.server.exec.BuildCommandOnly.execute(Lorg/gradle/launcher/daemon/server/api/DaemonCommandExecution;)V+49
j  org.gradle.launcher.daemon.server.api.DaemonCommandExecution.proceed()Z+28
j  org.gradle.launcher.daemon.server.exec.StartBuildOrRespondWithBusy$1.run()V+44
j  org.gradle.launcher.daemon.server.DaemonStateCoordinator$1.run()V+4
j  org.gradle.internal.concurrent.ExecutorPolicy$CatchAndRecordFailures.onExecute(Ljava/lang/Runnable;)V+1
j  org.gradle.internal.concurrent.StoppableExecutorImpl$1.run()V+25
j  java.util.concurrent.ThreadPoolExecutor.runWorker(Ljava/util/concurrent/ThreadPoolExecutor$Worker;)V+95
j  java.util.concurrent.ThreadPoolExecutor$Worker.run()V+5
j  java.lang.Thread.run()V+11
v  ~StubRoutines::call_stub

---------------  P R O C E S S  ---------------

Java Threads: ( => current thread )
  0x00000000598f9800 JavaThread "Cache update executor" [_thread_blocked, id=3380, stack(0x0000000061330000,0x0000000061430000)]
  0x00000000598f8800 JavaThread "Stdin handler" [_thread_blocked, id=4648, stack(0x000000005eae0000,0x000000005ebe0000)]
  0x00000000598f7800 JavaThread "Asynchronous log dispatcher for DefaultDaemonConnection: socket connection from /127.0.0.1:50952 to /127.0.0.1:51313" [_thread_blocked, id=2308, stack(0x00000000603d0000,0x00000000604d0000)]
  0x00000000598f6000 JavaThread "Cancel handler" [_thread_blocked, id=216, stack(0x000000005aa50000,0x000000005ab50000)]
  0x000000005b554000 JavaThread "Handler for socket connection from /127.0.0.1:50952 to /127.0.0.1:51313" [_thread_in_native, id=5040, stack(0x000000005a0b0000,0x000000005a1b0000)]
=>0x00000000598f7000 JavaThread "Daemon worker Thread 3" [_thread_in_vm, id=4424, stack(0x000000005ac10000,0x000000005ad10000)]
  0x000000005b552000 JavaThread "Daemon Thread 3" [_thread_blocked, id=2508, stack(0x000000005a8e0000,0x000000005a9e0000)]
  0x00000000597dd000 JavaThread "File lock request listener" [_thread_in_native, id=2804, stack(0x000000005a600000,0x000000005a700000)]
  0x000000005939d800 JavaThread "pool-1-thread-1" [_thread_blocked, id=1256, stack(0x000000005a710000,0x000000005a810000)]
  0x0000000058f9e000 JavaThread "Incoming local TCP Connector on port 50952" [_thread_in_native, id=4860, stack(0x000000005a1c0000,0x000000005a2c0000)]
  0x000000005787a800 JavaThread "Service Thread" daemon [_thread_blocked, id=3952, stack(0x0000000058410000,0x0000000058510000)]
  0x000000005780c800 JavaThread "C1 CompilerThread2" daemon [_thread_blocked, id=3996, stack(0x00000000582b0000,0x00000000583b0000)]
  0x00000000562ce800 JavaThread "C2 CompilerThread1" daemon [_thread_in_native, id=2872, stack(0x0000000058000000,0x0000000058100000)]
  0x00000000577fb800 JavaThread "C2 CompilerThread0" daemon [_thread_in_native, id=4632, stack(0x0000000057dd0000,0x0000000057ed0000)]
  0x00000000577fa800 JavaThread "Attach Listener" daemon [_thread_blocked, id=2340, stack(0x0000000057c60000,0x0000000057d60000)]
  0x00000000562bb000 JavaThread "Signal Dispatcher" daemon [_thread_blocked, id=2268, stack(0x00000000573b0000,0x00000000574b0000)]
  0x00000000562a3000 JavaThread "Finalizer" daemon [_thread_blocked, id=4016, stack(0x00000000576f0000,0x00000000577f0000)]
  0x0000000056261800 JavaThread "Reference Handler" daemon [_thread_blocked, id=4704, stack(0x0000000057520000,0x0000000057620000)]
  0x000000000046d800 JavaThread "main" [_thread_blocked, id=4360, stack(0x00000000025d0000,0x00000000026d0000)]

Other Threads:
  0x0000000056258000 VMThread [stack: 0x0000000057280000,0x0000000057380000] [id=2280]
  0x0000000057880800 WatcherThread [stack: 0x0000000058120000,0x0000000058220000] [id=3980]

VM state:not at safepoint (normal execution)

VM Mutex/Monitor currently owned by a thread: None

Heap:
 PSYoungGen      total 477696K, used 109160K [0x00000000e0000000, 0x00000000ff280000, 0x0000000100000000)
  eden space 442880K, 21% used [0x00000000e0000000,0x00000000e5c447f8,0x00000000fb080000)
  from space 34816K, 42% used [0x00000000fd080000,0x00000000fded5880,0x00000000ff280000)
  to   space 32768K, 0% used [0x00000000fb080000,0x00000000fb080000,0x00000000fd080000)
 ParOldGen       total 114688K, used 46234K [0x00000000a0000000, 0x00000000a7000000, 0x00000000e0000000)
  object space 114688K, 40% used [0x00000000a0000000,0x00000000a2d26820,0x00000000a7000000)
 Metaspace       used 58912K, capacity 62660K, committed 62848K, reserved 1103872K
  class space    used 7892K, capacity 8561K, committed 8576K, reserved 1048576K

Card table byte_map: [0x0000000011a90000,0x0000000011da0000] byte_map_base: 0x0000000011590000

Marking Bits: (ParMarkBitMap*) 0x00000000667718f0
 Begin Bits: [0x00000000125d0000, 0x0000000013dd0000)
 End Bits:   [0x0000000013dd0000, 0x00000000155d0000)

Polling page: 0x0000000000440000

CodeCache: size=245760Kb used=30919Kb max_used=31149Kb free=214840Kb
 bounds [0x00000000026d0000, 0x0000000004580000, 0x00000000116d0000]
 total_blobs=10183 nmethods=9429 adapters=665
 compilation: enabled

Compilation events (10 events):
Event: 421.682 Thread 0x000000005780c800 10864       1       org.gradle.execution.taskgraph.TaskInfo::getFinalizers (5 bytes)
Event: 421.682 Thread 0x000000005780c800 nmethod 10864 0x0000000002ad4fd0 code [0x0000000002ad5120, 0x0000000002ad5230]
Event: 421.690 Thread 0x000000005780c800 10875       3       org.gradle.model.internal.registry.DefaultModelRegistry$GoalGraph::<init> (6 bytes)
Event: 421.691 Thread 0x000000005780c800 nmethod 10875 0x0000000003a44f10 code [0x0000000003a450a0, 0x0000000003a45450]
Event: 421.691 Thread 0x000000005780c800 10876       3       org.gradle.model.internal.registry.DefaultModelRegistry$GoalGraph::<init> (21 bytes)
Event: 421.692 Thread 0x000000005780c800 nmethod 10876 0x00000000038df450 code [0x00000000038df5c0, 0x00000000038df910]
Event: 421.735 Thread 0x000000005780c800 10877       3       org.slf4j.impl.StaticLoggerBinder::getSingleton (4 bytes)
Event: 421.735 Thread 0x000000005780c800 nmethod 10877 0x0000000002cd8a10 code [0x0000000002cd8b60, 0x0000000002cd8c90]
Event: 421.741 Thread 0x000000005780c800 10878       3       org.slf4j.LoggerFactory::getILoggerFactory (83 bytes)
Event: 421.742 Thread 0x000000005780c800 nmethod 10878 0x0000000002fa1e10 code [0x0000000002fa1fe0, 0x0000000002fa24f8]

GC Heap History (10 events):
Event: 12.037 GC heap before
{Heap before GC invocations=9 (full 2):
 PSYoungGen      total 199168K, used 184320K [0x00000000e0000000, 0x00000000efb80000, 0x0000000100000000)
  eden space 184320K, 100% used [0x00000000e0000000,0x00000000eb400000,0x00000000eb400000)
  from space 14848K, 0% used [0x00000000ec280000,0x00000000ec280000,0x00000000ed100000)
  to   space 14848K, 0% used [0x00000000eb400000,0x00000000eb400000,0x00000000ec280000)
 ParOldGen       total 77312K, used 19064K [0x00000000a0000000, 0x00000000a4b80000, 0x00000000e0000000)
  object space 77312K, 24% used [0x00000000a0000000,0x00000000a129e3d8,0x00000000a4b80000)
 Metaspace       used 46176K, capacity 47608K, committed 47872K, reserved 1091584K
  class space    used 6268K, capacity 6568K, committed 6656K, reserved 1048576K
Event: 12.081 GC heap after
Heap after GC invocations=9 (full 2):
 PSYoungGen      total 199168K, used 14820K [0x00000000e0000000, 0x00000000f6200000, 0x0000000100000000)
  eden space 184320K, 0% used [0x00000000e0000000,0x00000000e0000000,0x00000000eb400000)
  from space 14848K, 99% used [0x00000000eb400000,0x00000000ec279380,0x00000000ec280000)
  to   space 19456K, 0% used [0x00000000f4f00000,0x00000000f4f00000,0x00000000f6200000)
 ParOldGen       total 77312K, used 23258K [0x00000000a0000000, 0x00000000a4b80000, 0x00000000e0000000)
  object space 77312K, 30% used [0x00000000a0000000,0x00000000a16b6a10,0x00000000a4b80000)
 Metaspace       used 46176K, capacity 47608K, committed 47872K, reserved 1091584K
  class space    used 6268K, capacity 6568K, committed 6656K, reserved 1048576K
}
Event: 14.735 GC heap before
{Heap before GC invocations=10 (full 2):
 PSYoungGen      total 199168K, used 199140K [0x00000000e0000000, 0x00000000f6200000, 0x0000000100000000)
  eden space 184320K, 100% used [0x00000000e0000000,0x00000000eb400000,0x00000000eb400000)
  from space 14848K, 99% used [0x00000000eb400000,0x00000000ec279380,0x00000000ec280000)
  to   space 19456K, 0% used [0x00000000f4f00000,0x00000000f4f00000,0x00000000f6200000)
 ParOldGen       total 77312K, used 23258K [0x00000000a0000000, 0x00000000a4b80000, 0x00000000e0000000)
  object space 77312K, 30% used [0x00000000a0000000,0x00000000a16b6a10,0x00000000a4b80000)
 Metaspace       used 51960K, capacity 53914K, committed 54016K, reserved 1095680K
  class space    used 7038K, capacity 7415K, committed 7424K, reserved 1048576K
Event: 14.808 GC heap after
Heap after GC invocations=10 (full 2):
 PSYoungGen      total 334336K, used 19439K [0x00000000e0000000, 0x00000000f6d80000, 0x0000000100000000)
  eden space 314880K, 0% used [0x00000000e0000000,0x00000000e0000000,0x00000000f3380000)
  from space 19456K, 99% used [0x00000000f4f00000,0x00000000f61fbfe0,0x00000000f6200000)
  to   space 28160K, 0% used [0x00000000f3380000,0x00000000f3380000,0x00000000f4f00000)
 ParOldGen       total 77312K, used 35958K [0x00000000a0000000, 0x00000000a4b80000, 0x00000000e0000000)
  object space 77312K, 46% used [0x00000000a0000000,0x00000000a231da68,0x00000000a4b80000)
 Metaspace       used 51960K, capacity 53914K, committed 54016K, reserved 1095680K
  class space    used 7038K, capacity 7415K, committed 7424K, reserved 1048576K
}
Event: 340.029 GC heap before
{Heap before GC invocations=11 (full 2):
 PSYoungGen      total 334336K, used 176040K [0x00000000e0000000, 0x00000000f6d80000, 0x0000000100000000)
  eden space 314880K, 49% used [0x00000000e0000000,0x00000000e98ee2b0,0x00000000f3380000)
  from space 19456K, 99% used [0x00000000f4f00000,0x00000000f61fbfe0,0x00000000f6200000)
  to   space 28160K, 0% used [0x00000000f3380000,0x00000000f3380000,0x00000000f4f00000)
 ParOldGen       total 77312K, used 35958K [0x00000000a0000000, 0x00000000a4b80000, 0x00000000e0000000)
  object space 77312K, 46% used [0x00000000a0000000,0x00000000a231da68,0x00000000a4b80000)
 Metaspace       used 56104K, capacity 58956K, committed 59028K, reserved 1099776K
  class space    used 7575K, capacity 8123K, committed 8192K, reserved 1048576K
Event: 340.079 GC heap after
Heap after GC invocations=11 (full 2):
 PSYoungGen      total 343040K, used 28150K [0x00000000e0000000, 0x00000000ff280000, 0x0000000100000000)
  eden space 314880K, 0% used [0x00000000e0000000,0x00000000e0000000,0x00000000f3380000)
  from space 28160K, 99% used [0x00000000f3380000,0x00000000f4efd870,0x00000000f4f00000)
  to   space 34816K, 0% used [0x00000000fd080000,0x00000000fd080000,0x00000000ff280000)
 ParOldGen       total 77312K, used 41339K [0x00000000a0000000, 0x00000000a4b80000, 0x00000000e0000000)
  object space 77312K, 53% used [0x00000000a0000000,0x00000000a285ec98,0x00000000a4b80000)
 Metaspace       used 56104K, capacity 58956K, committed 59028K, reserved 1099776K
  class space    used 7575K, capacity 8123K, committed 8192K, reserved 1048576K
}
Event: 340.079 GC heap before
{Heap before GC invocations=12 (full 3):
 PSYoungGen      total 343040K, used 28150K [0x00000000e0000000, 0x00000000ff280000, 0x0000000100000000)
  eden space 314880K, 0% used [0x00000000e0000000,0x00000000e0000000,0x00000000f3380000)
  from space 28160K, 99% used [0x00000000f3380000,0x00000000f4efd870,0x00000000f4f00000)
  to   space 34816K, 0% used [0x00000000fd080000,0x00000000fd080000,0x00000000ff280000)
 ParOldGen       total 77312K, used 41339K [0x00000000a0000000, 0x00000000a4b80000, 0x00000000e0000000)
  object space 77312K, 53% used [0x00000000a0000000,0x00000000a285ec98,0x00000000a4b80000)
 Metaspace       used 56104K, capacity 58956K, committed 59028K, reserved 1099776K
  class space    used 7575K, capacity 8123K, committed 8192K, reserved 1048576K
Event: 340.331 GC heap after
Heap after GC invocations=12 (full 3):
 PSYoungGen      total 343040K, used 0K [0x00000000e0000000, 0x00000000ff280000, 0x0000000100000000)
  eden space 314880K, 0% used [0x00000000e0000000,0x00000000e0000000,0x00000000f3380000)
  from space 28160K, 0% used [0x00000000f3380000,0x00000000f3380000,0x00000000f4f00000)
  to   space 34816K, 0% used [0x00000000fd080000,0x00000000fd080000,0x00000000ff280000)
 ParOldGen       total 114688K, used 46226K [0x00000000a0000000, 0x00000000a7000000, 0x00000000e0000000)
  object space 114688K, 40% used [0x00000000a0000000,0x00000000a2d24820,0x00000000a7000000)
 Metaspace       used 56104K, capacity 58956K, committed 59028K, reserved 1099776K
  class space    used 7575K, capacity 8123K, committed 8192K, reserved 1048576K
}
Event: 420.358 GC heap before
{Heap before GC invocations=13 (full 3):
 PSYoungGen      total 343040K, used 314880K [0x00000000e0000000, 0x00000000ff280000, 0x0000000100000000)
  eden space 314880K, 100% used [0x00000000e0000000,0x00000000f3380000,0x00000000f3380000)
  from space 28160K, 0% used [0x00000000f3380000,0x00000000f3380000,0x00000000f4f00000)
  to   space 34816K, 0% used [0x00000000fd080000,0x00000000fd080000,0x00000000ff280000)
 ParOldGen       total 114688K, used 46226K [0x00000000a0000000, 0x00000000a7000000, 0x00000000e0000000)
  object space 114688K, 40% used [0x00000000a0000000,0x00000000a2d24820,0x00000000a7000000)
 Metaspace       used 57899K, capacity 61076K, committed 61184K, reserved 1101824K
  class space    used 7752K, capacity 8341K, committed 8448K, reserved 1048576K
Event: 420.462 GC heap after
Heap after GC invocations=13 (full 3):
 PSYoungGen      total 477696K, used 14678K [0x00000000e0000000, 0x00000000ff280000, 0x0000000100000000)
  eden space 442880K, 0% used [0x00000000e0000000,0x00000000e0000000,0x00000000fb080000)
  from space 34816K, 42% used [0x00000000fd080000,0x00000000fded5880,0x00000000ff280000)
  to   space 32768K, 0% used [0x00000000fb080000,0x00000000fb080000,0x00000000fd080000)
 ParOldGen       total 114688K, used 46234K [0x00000000a0000000, 0x00000000a7000000, 0x00000000e0000000)
  object space 114688K, 40% used [0x00000000a0000000,0x00000000a2d26820,0x00000000a7000000)
 Metaspace       used 57899K, capacity 61076K, committed 61184K, reserved 1101824K
  class space    used 7752K, capacity 8341K, committed 8448K, reserved 1048576K
}

Deoptimization events (10 events):
Event: 421.481 Thread 0x00000000598f7000 Uncommon trap: reason=unstable_if action=reinterpret pc=0x0000000003a71878 method=java.util.regex.Pattern.range(Ljava/util/regex/Pattern$BitClass;)Ljava/util/regex/Pattern$CharProperty; @ 19
Event: 421.510 Thread 0x00000000598f7000 Uncommon trap: reason=unstable_if action=reinterpret pc=0x000000000436d564 method=org.gradle.api.internal.AbstractTask.compareTo(Lorg/gradle/api/Task;)I @ 17
Event: 421.587 Thread 0x00000000598f7000 Uncommon trap: reason=speculate_class_check action=maybe_recompile pc=0x00000000030141f8 method=com.google.common.collect.AbstractIndexedListIterator.next()Ljava/lang/Object; @ 27
Event: 421.587 Thread 0x00000000598f7000 Uncommon trap: reason=speculate_class_check action=maybe_recompile pc=0x00000000030141f8 method=com.google.common.collect.AbstractIndexedListIterator.next()Ljava/lang/Object; @ 27
Event: 421.588 Thread 0x00000000598f7000 Uncommon trap: reason=speculate_class_check action=maybe_recompile pc=0x00000000030141f8 method=com.google.common.collect.AbstractIndexedListIterator.next()Ljava/lang/Object; @ 27
Event: 421.588 Thread 0x00000000598f7000 Uncommon trap: reason=speculate_class_check action=maybe_recompile pc=0x00000000030141f8 method=com.google.common.collect.AbstractIndexedListIterator.next()Ljava/lang/Object; @ 27
Event: 421.670 Thread 0x00000000598f7000 Uncommon trap: reason=bimorphic action=maybe_recompile pc=0x00000000042ea960 method=com.google.common.collect.AbstractMapBasedMultimap.put(Ljava/lang/Object;Ljava/lang/Object;)Z @ 70
Event: 421.670 Thread 0x00000000598f7000 Uncommon trap: reason=bimorphic action=maybe_recompile pc=0x00000000042ea960 method=com.google.common.collect.AbstractMapBasedMultimap.put(Ljava/lang/Object;Ljava/lang/Object;)Z @ 70
Event: 421.670 Thread 0x00000000598f7000 Uncommon trap: reason=bimorphic action=maybe_recompile pc=0x00000000042ea960 method=com.google.common.collect.AbstractMapBasedMultimap.put(Ljava/lang/Object;Ljava/lang/Object;)Z @ 70
Event: 421.670 Thread 0x00000000598f7000 Uncommon trap: reason=bimorphic action=maybe_recompile pc=0x00000000042ea960 method=com.google.common.collect.AbstractMapBasedMultimap.put(Ljava/lang/Object;Ljava/lang/Object;)Z @ 70

Internal exceptions (10 events):
Event: 420.348 Thread 0x00000000598f7000 Exception <a 'sun/nio/fs/WindowsException'> (0x00000000f3351c00) thrown at [C:\src\android\AOSP-openjdk\external\jetbrains\jdk\hotspot\src\share\vm\prims\jni.cpp, line 709]
Event: 420.348 Thread 0x00000000598f7000 Exception <a 'sun/nio/fs/WindowsException'> (0x00000000f33527d0) thrown at [C:\src\android\AOSP-openjdk\external\jetbrains\jdk\hotspot\src\share\vm\prims\jni.cpp, line 709]
Event: 420.349 Thread 0x00000000598f7000 Exception <a 'sun/nio/fs/WindowsException'> (0x00000000f3355648) thrown at [C:\src\android\AOSP-openjdk\external\jetbrains\jdk\hotspot\src\share\vm\prims\jni.cpp, line 709]
Event: 420.349 Thread 0x00000000598f7000 Exception <a 'sun/nio/fs/WindowsException'> (0x00000000f33561d0) thrown at [C:\src\android\AOSP-openjdk\external\jetbrains\jdk\hotspot\src\share\vm\prims\jni.cpp, line 709]
Event: 420.349 Thread 0x00000000598f7000 Exception <a 'sun/nio/fs/WindowsException'> (0x00000000f3357d98) thrown at [C:\src\android\AOSP-openjdk\external\jetbrains\jdk\hotspot\src\share\vm\prims\jni.cpp, line 709]
Event: 420.349 Thread 0x00000000598f7000 Exception <a 'sun/nio/fs/WindowsException'> (0x00000000f3358958) thrown at [C:\src\android\AOSP-openjdk\external\jetbrains\jdk\hotspot\src\share\vm\prims\jni.cpp, line 709]
Event: 420.349 Thread 0x00000000598f7000 Exception <a 'sun/nio/fs/WindowsException'> (0x00000000f335c498) thrown at [C:\src\android\AOSP-openjdk\external\jetbrains\jdk\hotspot\src\share\vm\prims\jni.cpp, line 709]
Event: 420.350 Thread 0x00000000598f7000 Exception <a 'sun/nio/fs/WindowsException'> (0x00000000f335d030) thrown at [C:\src\android\AOSP-openjdk\external\jetbrains\jdk\hotspot\src\share\vm\prims\jni.cpp, line 709]
Event: 420.350 Thread 0x00000000598f7000 Exception <a 'sun/nio/fs/WindowsException'> (0x00000000f335ebf8) thrown at [C:\src\android\AOSP-openjdk\external\jetbrains\jdk\hotspot\src\share\vm\prims\jni.cpp, line 709]
Event: 420.350 Thread 0x00000000598f7000 Exception <a 'sun/nio/fs/WindowsException'> (0x00000000f335f7d0) thrown at [C:\src\android\AOSP-openjdk\external\jetbrains\jdk\hotspot\src\share\vm\prims\jni.cpp, line 709]

Events (10 events):
Event: 421.744 loading class org/gradle/api/internal/tasks/execution/ExecuteActionsTaskExecuter
Event: 421.744 loading class org/gradle/api/internal/tasks/execution/ExecuteActionsTaskExecuter done
Event: 421.745 loading class org/gradle/api/tasks/StopActionException
Event: 421.745 loading class org/gradle/api/tasks/StopActionException done
Event: 421.745 loading class org/gradle/api/tasks/TaskExecutionException
Event: 421.745 loading class org/gradle/api/tasks/TaskExecutionException done
Event: 421.745 loading class org/gradle/api/execution/TaskActionListener
Event: 421.745 loading class org/gradle/api/execution/TaskActionListener done
Event: 421.746 loading class org/gradle/execution/taskgraph/AbstractTaskPlanExecutor$TaskExecutorWorker
Event: 421.746 loading class org/gradle/execution/taskgraph/AbstractTaskPlanExecutor$TaskExecutorWorker done


Dynamic libraries:
0x000000013f7b0000 - 0x000000013f7e1000 	E:\AS\jre\bin\java.exe
0x00000000770b0000 - 0x000000007725a000 	C:\Windows\SYSTEM32\ntdll.dll
0x00000000769b0000 - 0x0000000076acf000 	C:\Windows\system32\kernel32.dll
0x000007fefd5c0000 - 0x000007fefd62a000 	C:\Windows\system32\KERNELBASE.dll
0x000007fefe860000 - 0x000007fefe93b000 	C:\Windows\system32\ADVAPI32.dll
0x000007fefe7c0000 - 0x000007fefe85f000 	C:\Windows\system32\msvcrt.dll
0x000007feff190000 - 0x000007feff1af000 	C:\Windows\SYSTEM32\sechost.dll
0x000007fefea20000 - 0x000007fefeb4d000 	C:\Windows\system32\RPCRT4.dll
0x0000000076ad0000 - 0x0000000076bca000 	C:\Windows\system32\USER32.dll
0x000007fefed50000 - 0x000007fefedb7000 	C:\Windows\system32\GDI32.dll
0x000007fefec60000 - 0x000007fefec6e000 	C:\Windows\system32\LPK.dll
0x000007fefee40000 - 0x000007fefef0a000 	C:\Windows\system32\USP10.dll
0x000007fefc150000 - 0x000007fefc344000 	C:\Windows\WinSxS\amd64_microsoft.windows.common-controls_6595b64144ccf1df_6.0.7601.18837_none_fa3b1e3d17594757\COMCTL32.dll
0x000007fefecc0000 - 0x000007fefed31000 	C:\Windows\system32\SHLWAPI.dll
0x000007fefe6f0000 - 0x000007fefe71e000 	C:\Windows\system32\IMM32.DLL
0x000007fefeb50000 - 0x000007fefec59000 	C:\Windows\system32\MSCTF.dll
0x0000000066f50000 - 0x0000000067022000 	E:\AS\jre\jre\bin\msvcr100.dll
0x0000000065fb0000 - 0x00000000667ec000 	E:\AS\jre\jre\bin\server\jvm.dll
0x000007fef2f30000 - 0x000007fef2f39000 	C:\Windows\system32\WSOCK32.dll
0x000007fefec70000 - 0x000007fefecbd000 	C:\Windows\system32\WS2_32.dll
0x000007fefed40000 - 0x000007fefed48000 	C:\Windows\system32\NSI.dll
0x000007fefa2a0000 - 0x000007fefa2db000 	C:\Windows\system32\WINMM.dll
0x000007fefc640000 - 0x000007fefc64c000 	C:\Windows\system32\VERSION.dll
0x0000000077270000 - 0x0000000077277000 	C:\Windows\system32\PSAPI.DLL
0x000007fef4b40000 - 0x000007fef4b4f000 	E:\AS\jre\jre\bin\verify.dll
0x000007fef3fa0000 - 0x000007fef3fc9000 	E:\AS\jre\jre\bin\java.dll
0x000007fef49d0000 - 0x000007fef49e6000 	E:\AS\jre\jre\bin\zip.dll
0x000007fefd960000 - 0x000007fefe6e9000 	C:\Windows\system32\SHELL32.dll
0x000007feff1b0000 - 0x000007feff3b3000 	C:\Windows\system32\ole32.dll
0x000007fefd510000 - 0x000007fefd51f000 	C:\Windows\system32\profapi.dll
0x000007fef49b0000 - 0x000007fef49ca000 	E:\AS\jre\jre\bin\net.dll
0x000007fefcd10000 - 0x000007fefcd65000 	C:\Windows\system32\mswsock.dll
0x000007fefcd00000 - 0x000007fefcd07000 	C:\Windows\System32\wship6.dll
0x000007fef4010000 - 0x000007fef4021000 	E:\AS\jre\jre\bin\nio.dll
0x000007fef2140000 - 0x000007fef215e000 	C:\Users\Administrator\.gradle\native\23\windows-amd64\native-platform.dll
0x000007fefcd70000 - 0x000007fefcd88000 	C:\Windows\system32\CRYPTSP.dll
0x000007fefca70000 - 0x000007fefcab7000 	C:\Windows\system32\rsaenh.dll
0x000007fefc830000 - 0x000007fefc84e000 	C:\Windows\system32\USERENV.dll
0x000007fefd440000 - 0x000007fefd44f000 	C:\Windows\system32\CRYPTBASE.dll
0x000007fefae50000 - 0x000007fefae77000 	C:\Windows\system32\IPHLPAPI.DLL
0x000007fefae40000 - 0x000007fefae4b000 	C:\Windows\system32\WINNSI.DLL
0x000007fefad40000 - 0x000007fefad51000 	C:\Windows\system32\dhcpcsvc6.DLL
0x000007fefacc0000 - 0x000007fefacd8000 	C:\Windows\system32\dhcpcsvc.DLL
0x000007fefb7e0000 - 0x000007fefb7ed000 	E:\AS\jre\jre\bin\management.dll
0x000007fefd3e0000 - 0x000007fefd437000 	C:\Windows\system32\apphelp.dll
0x000007fef2720000 - 0x000007fef2845000 	C:\Windows\system32\dbghelp.dll

VM Arguments:
jvm_args: -Xmx1536m -Dfile.encoding=GBK -Duser.country=CN -Duser.language=zh -Duser.variant 
java_command: org.gradle.launcher.daemon.bootstrap.GradleDaemon 3.3
java_class_path (initial): C:\Users\Administrator\.gradle\wrapper\dists\gradle-3.3-all\55gk2rcmfc6p2dg9u9ohc3hw9\gradle-3.3\lib\gradle-launcher-3.3.jar
Launcher Type: SUN_STANDARD

Environment Variables:
JAVA_HOME=C:\Program Files\Java\jdk1.8.0_131
CLASSPATH=C:\Program Files\Java\jdk1.8.0_131\lib\dt.jar;C:\Program Files\Java\jdk1.8.0_131\lib\tools.jar
PATH=C:\ProgramData\Oracle\Java\javapath;C:\Windows\system32;C:\Windows;C:\Windows\System32\Wbem;C:\Windows\System32\WindowsPowerShell\v1.0\;C:\Program Files\Java\jdk1.8.0_131\bin;C:\Program Files\Java\jdk1.8.0_131\jre\bin;C:\Program Files\TortoiseSVN\bin
USERNAME=Administrator
OS=Windows_NT
PROCESSOR_IDENTIFIER=Intel64 Family 6 Model 42 Stepping 7, GenuineIntel



---------------  S Y S T E M  ---------------

OS: Windows 7 , 64 bit Build 7601 (6.1.7601.23569)

CPU:total 4 (2 cores per cpu, 2 threads per core) family 6 model 42 stepping 7, cmov, cx8, fxsr, mmx, sse, sse2, sse3, ssse3, sse4.1, sse4.2, popcnt, avx, clmul, ht, tsc, tscinvbit

Memory: 4k page, physical 8071000k(3244948k free), swap 16140140k(10932184k free)

vm_info: OpenJDK 64-Bit Server VM (25.112-b06) for windows-amd64 JRE (1.8.0_112-release-b06), built on Dec  8 2016 00:54:26 by "builder" with MS VC++ 10.0 (VS2010)

time: Tue Sep 19 09:27:42 2017
elapsed time: 421 seconds (0d 0h 7m 1s)

